Arguments: 
  D:\programs\nodejs\node.exe D:\programs\Yarn\bin\yarn.js list

PATH: 
  D:\programs\cmder\bin;D:\programs\cmder\vendor\conemu-maximus5\ConEmu\Scripts;D:\programs\cmder\vendor\conemu-maximus5;D:\programs\cmder\vendor\conemu-maximus5\ConEmu;C:\Program Files (x86)\Intel\iCLS Client\;C:\Program Files\Intel\iCLS Client\;C:\Windows\system32;C:\Windows;C:\Windows\System32\Wbem;C:\Windows\System32\WindowsPowerShell\v1.0\;C:\Program Files (x86)\Intel\Intel(R) Management Engine Components\DAL;C:\Program Files\Intel\Intel(R) Management Engine Components\DAL;C:\Program Files (x86)\Intel\Intel(R) Management Engine Components\IPT;C:\Program Files\Intel\Intel(R) Management Engine Components\IPT;C:\Program Files (x86)\NVIDIA Corporation\PhysX\Common;C:\WINDOWS\system32;C:\WINDOWS;C:\WINDOWS\System32\Wbem;C:\WINDOWS\System32\WindowsPowerShell\v1.0\;D:\programs\nodejs\;D:\programs\Git\cmd;D:\programs\Yarn\bin\;D:\programs\Go\bin;D:\programs\Sublime Text 3;C:\Users\renjie\AppData\Local\Microsoft\WindowsApps;C:\Users\renjie\AppData\Roaming\npm;D:\programs\Anaconda3;D:\programs\Anaconda3\Scripts;;D:\programs\搜狐影音\5.2.3.15;D:\programs\Microsoft VS Code\bin;C:\Program Files (x86)\Egret\Egret Wing 3\bin;C:\Users\renjie\AppData\Local\Yarn\bin;D:\programs\Git\usr\bin;D:\programs\Git\usr\share\vim\vim74;D:\programs\cmder\

Yarn version: 
  1.5.1

Node version: 
  8.9.0

Platform: 
  win32 x64

npm manifest: 
  No manifest

yarn manifest: 
  No manifest

Lockfile: 
  No lockfile

Trace: 
  Error: No lockfile in this directory. Run `yarn install` to generate one.
      at new MessageError (D:\programs\Yarn\lib\cli.js:186:110)
      at D:\programs\Yarn\lib\cli.js:89389:13
      at <anonymous>
